[handleMsg]:  {
  key: {
    remoteJid: '573167017821@s.whatsapp.net',
    fromMe: false,
    id: 'E87098EE6525455EE909EBFE47E00F15',
    participant: undefined
  },
  messageTimestamp: 1693279053,
  pushName: 'Faherme46',
  broadcast: false,
  message: Message {
    extendedTextMessage: ExtendedTextMessage {
      text: 'Hola',
      previewType: 0,
      contextInfo: [ContextInfo],
      inviteLinkGroupTypeV2: 0
    },
    messageContextInfo: MessageContextInfo {
      deviceListMetadata: [DeviceListMetadata],
      deviceListMetadataVersion: 2
    }
  },
  body: 'Hola',
  from: '573167017821'
}
[sendQueue_A]:  {
  ref: 'ans_f5809b36-8434-4f8e-a368-94083073e1ab',
  keyword: 'key_68404fe9-e058-49b0-be35-fc695e03c6c1',
  answer: ' Hola bienvenido a este *Chatbot*',
  options: {
    media: null,
    buttons: [],
    capture: false,
    child: null,
    delay: 0,
    nested: [],
    keyword: {},
    callback: false
  },
  refSerialize: '4ae5a809c3f86406bb575caf17d0afc8'
}
[sendProviderAndSave]:  {
  ref: 'ans_f5809b36-8434-4f8e-a368-94083073e1ab',
  keyword: 'key_68404fe9-e058-49b0-be35-fc695e03c6c1',
  answer: ' Hola bienvenido a este *Chatbot*',
  options: {
    media: null,
    buttons: [],
    capture: false,
    child: null,
    delay: 0,
    nested: [],
    keyword: {},
    callback: false
  },
  refSerialize: '4ae5a809c3f86406bb575caf17d0afc8'
}
[providerClass.sendMessage]:  {
  ref: 'ans_f5809b36-8434-4f8e-a368-94083073e1ab',
  keyword: 'key_68404fe9-e058-49b0-be35-fc695e03c6c1',
  answer: ' Hola bienvenido a este *Chatbot*',
  options: {
    media: null,
    buttons: [],
    capture: false,
    child: null,
    delay: 0,
    nested: [],
    keyword: {},
    callback: false
  },
  refSerialize: '4ae5a809c3f86406bb575caf17d0afc8'
}
[databaseClass.save]:  {
  ref: 'ans_f5809b36-8434-4f8e-a368-94083073e1ab',
  keyword: 'key_68404fe9-e058-49b0-be35-fc695e03c6c1',
  answer: ' Hola bienvenido a este *Chatbot*',
  options: {
    media: null,
    buttons: [],
    capture: false,
    child: null,
    delay: 0,
    nested: [],
    keyword: {},
    callback: false
  },
  refSerialize: '4ae5a809c3f86406bb575caf17d0afc8'
}
[QUEUE_SE_ENVIO]:  {
  ref: 'ans_f5809b36-8434-4f8e-a368-94083073e1ab',
  keyword: 'key_68404fe9-e058-49b0-be35-fc695e03c6c1',
  answer: ' Hola bienvenido a este *Chatbot*',
  options: {
    media: null,
    buttons: [],
    capture: false,
    child: null,
    delay: 0,
    nested: [],
    keyword: {},
    callback: false
  },
  refSerialize: '4ae5a809c3f86406bb575caf17d0afc8'
}
[sendQueue_A]:  {
  ref: 'ans_4fc59c01-6017-4ac0-87c3-beee0a1bc061',
  keyword: 'ans_f5809b36-8434-4f8e-a368-94083073e1ab',
  answer: 'te comparto los siguientes links de interes sobre el proyecto\n' +
    ' *doc* para ver la documentaci贸n\n' +
    ' *gracias*  para ver la lista de videos\n' +
    ' *discord* unirte al discord',
  options: {
    media: null,
    buttons: [],
    capture: false,
    child: null,
    delay: 0,
    nested: [
      [Object], [Object],
      [Object], [Object],
      [Object], [Object],
      [Object], [Object]
    ],
    keyword: {},
    callback: false
  },
  refSerialize: '40ee218a7ca29db6087c5d3e0980f0c7'
}
[sendProviderAndSave]:  {
  ref: 'ans_4fc59c01-6017-4ac0-87c3-beee0a1bc061',
  keyword: 'ans_f5809b36-8434-4f8e-a368-94083073e1ab',
  answer: 'te comparto los siguientes links de interes sobre el proyecto\n' +
    ' *doc* para ver la documentaci贸n\n' +
    ' *gracias*  para ver la lista de videos\n' +
    ' *discord* unirte al discord',
  options: {
    media: null,
    buttons: [],
    capture: false,
    child: null,
    delay: 0,
    nested: [
      [Object], [Object],
      [Object], [Object],
      [Object], [Object],
      [Object], [Object]
    ],
    keyword: {},
    callback: false
  },
  refSerialize: '40ee218a7ca29db6087c5d3e0980f0c7'
}
[providerClass.sendMessage]:  {
  ref: 'ans_4fc59c01-6017-4ac0-87c3-beee0a1bc061',
  keyword: 'ans_f5809b36-8434-4f8e-a368-94083073e1ab',
  answer: 'te comparto los siguientes links de interes sobre el proyecto\n' +
    ' *doc* para ver la documentaci贸n\n' +
    ' *gracias*  para ver la lista de videos\n' +
    ' *discord* unirte al discord',
  options: {
    media: null,
    buttons: [],
    capture: false,
    child: null,
    delay: 0,
    nested: [
      [Object], [Object],
      [Object], [Object],
      [Object], [Object],
      [Object], [Object]
    ],
    keyword: {},
    callback: false
  },
  refSerialize: '40ee218a7ca29db6087c5d3e0980f0c7'
}
[databaseClass.save]:  {
  ref: 'ans_4fc59c01-6017-4ac0-87c3-beee0a1bc061',
  keyword: 'ans_f5809b36-8434-4f8e-a368-94083073e1ab',
  answer: 'te comparto los siguientes links de interes sobre el proyecto\n' +
    ' *doc* para ver la documentaci贸n\n' +
    ' *gracias*  para ver la lista de videos\n' +
    ' *discord* unirte al discord',
  options: {
    media: null,
    buttons: [],
    capture: false,
    child: null,
    delay: 0,
    nested: [
      [Object], [Object],
      [Object], [Object],
      [Object], [Object],
      [Object], [Object]
    ],
    keyword: {},
    callback: false
  },
  refSerialize: '40ee218a7ca29db6087c5d3e0980f0c7'
}
[QUEUE_SE_ENVIO]:  {
  ref: 'ans_4fc59c01-6017-4ac0-87c3-beee0a1bc061',
  keyword: 'ans_f5809b36-8434-4f8e-a368-94083073e1ab',
  answer: 'te comparto los siguientes links de interes sobre el proyecto\n' +
    ' *doc* para ver la documentaci贸n\n' +
    ' *gracias*  para ver la lista de videos\n' +
    ' *discord* unirte al discord',
  options: {
    media: null,
    buttons: [],
    capture: false,
    child: null,
    delay: 0,
    nested: [
      [Object], [Object],
      [Object], [Object],
      [Object], [Object],
      [Object], [Object]
    ],
    keyword: {},
    callback: false
  },
  refSerialize: '40ee218a7ca29db6087c5d3e0980f0c7'
}
